0 info it worked if it ends with ok
1 verbose cli [ 'C:\\Program Files\\nodejs\\node.exe',
1 verbose cli   'C:\\Program Files\\nodejs\\node_modules\\npm\\bin\\npm-cli.js',
1 verbose cli   'install',
1 verbose cli   '-g',
1 verbose cli   'n' ]
2 info using npm@2.14.12
3 info using node@v4.2.6
4 verbose install initial load of C:\Users\Rob\AppData\Roaming\npm\package.json
5 verbose readDependencies loading dependencies from C:\Users\Rob\AppData\Roaming\npm\package.json
6 silly cache add args [ 'n', null ]
7 verbose cache add spec n
8 silly cache add parsed spec Result {
8 silly cache add   raw: 'n',
8 silly cache add   scope: null,
8 silly cache add   name: 'n',
8 silly cache add   rawSpec: '',
8 silly cache add   spec: 'latest',
8 silly cache add   type: 'tag' }
9 silly addNamed n@latest
10 verbose addNamed "latest" is being treated as a dist-tag for n
11 info addNameTag [ 'n', 'latest' ]
12 silly mapToRegistry name n
13 silly mapToRegistry using default registry
14 silly mapToRegistry registry https://registry.npmjs.org/
15 silly mapToRegistry uri https://registry.npmjs.org/n
16 verbose addNameTag registry:https://registry.npmjs.org/n not in flight; fetching
17 verbose request uri https://registry.npmjs.org/n
18 verbose request no auth needed
19 info attempt registry request try #1 at 11:06:19 PM
20 verbose request id c589858bf9df4959
21 http request GET https://registry.npmjs.org/n
22 http 200 https://registry.npmjs.org/n
23 verbose headers { date: 'Sat, 03 Nov 2018 23:06:24 GMT',
23 verbose headers   'content-type': 'application/json; charset=UTF-8',
23 verbose headers   'transfer-encoding': 'chunked',
23 verbose headers   connection: 'keep-alive',
23 verbose headers   'set-cookie': [ '__cfduid=dc316c10a2c997fdec3be5ec849c608341541286383; expires=Sun, 03-Nov-19 23:06:23 GMT; path=/; domain=.registry.npmjs.org; HttpOnly' ],
23 verbose headers   'cf-cache-status': 'HIT',
23 verbose headers   'cache-control': 'max-age=300',
23 verbose headers   'cf-ray': '47427dbbf9ea3548-LHR',
23 verbose headers   etag: 'W/"794fec4ca3d45c86a55b552d4a0e3ec8"',
23 verbose headers   'expect-ct': 'max-age=604800, report-uri="https://report-uri.cloudflare.com/cdn-cgi/beacon/expect-ct"',
23 verbose headers   'last-modified': 'Fri, 03 Aug 2018 00:36:01 GMT',
23 verbose headers   vary: 'accept-encoding, accept',
23 verbose headers   server: 'cloudflare',
23 verbose headers   'content-encoding': 'gzip' }
24 silly get cb [ 200,
24 silly get   { date: 'Sat, 03 Nov 2018 23:06:24 GMT',
24 silly get     'content-type': 'application/json; charset=UTF-8',
24 silly get     'transfer-encoding': 'chunked',
24 silly get     connection: 'keep-alive',
24 silly get     'set-cookie': [ '__cfduid=dc316c10a2c997fdec3be5ec849c608341541286383; expires=Sun, 03-Nov-19 23:06:23 GMT; path=/; domain=.registry.npmjs.org; HttpOnly' ],
24 silly get     'cf-cache-status': 'HIT',
24 silly get     'cache-control': 'max-age=300',
24 silly get     'cf-ray': '47427dbbf9ea3548-LHR',
24 silly get     etag: 'W/"794fec4ca3d45c86a55b552d4a0e3ec8"',
24 silly get     'expect-ct': 'max-age=604800, report-uri="https://report-uri.cloudflare.com/cdn-cgi/beacon/expect-ct"',
24 silly get     'last-modified': 'Fri, 03 Aug 2018 00:36:01 GMT',
24 silly get     vary: 'accept-encoding, accept',
24 silly get     server: 'cloudflare',
24 silly get     'content-encoding': 'gzip' } ]
25 verbose get saving n to C:\Users\Rob\AppData\Roaming\npm-cache\registry.npmjs.org\n\.cache.json
26 silly addNameTag next cb for n with tag latest
27 silly addNamed n@2.1.12
28 verbose addNamed "2.1.12" is a plain semver version for n
29 silly mapToRegistry name n
30 silly mapToRegistry using default registry
31 silly mapToRegistry registry https://registry.npmjs.org/
32 silly mapToRegistry uri https://registry.npmjs.org/n
33 verbose addRemoteTarball https://registry.npmjs.org/n/-/n-2.1.12.tgz not in flight; adding
34 verbose addRemoteTarball [ 'https://registry.npmjs.org/n/-/n-2.1.12.tgz',
34 verbose addRemoteTarball   '7bca5e103bfe3632d4c1a70dfaf9ecf774c18aed' ]
35 info retry fetch attempt 1 at 11:06:19 PM
36 info attempt registry request try #1 at 11:06:19 PM
37 http fetch GET https://registry.npmjs.org/n/-/n-2.1.12.tgz
38 http fetch 200 https://registry.npmjs.org/n/-/n-2.1.12.tgz
39 silly fetchAndShaCheck shasum 7bca5e103bfe3632d4c1a70dfaf9ecf774c18aed
40 verbose addTmpTarball C:\Users\Rob\AppData\Local\Temp\npm-14028-e650cfd9\registry.npmjs.org\n\-\n-2.1.12.tgz not in flight; adding
41 verbose addTmpTarball already have metadata; skipping unpack for n@2.1.12
42 silly cache afterAdd n@2.1.12
43 verbose afterAdd C:\Users\Rob\AppData\Roaming\npm-cache\n\2.1.12\package\package.json not in flight; writing
44 verbose afterAdd C:\Users\Rob\AppData\Roaming\npm-cache\n\2.1.12\package\package.json written
45 silly install resolved [ { name: 'n',
45 silly install resolved     description: 'Interactively Manage All Your Node Versions',
45 silly install resolved     version: '2.1.12',
45 silly install resolved     author: { name: 'TJ Holowaychuk', email: 'tj@vision-media.ca' },
45 silly install resolved     homepage: 'https://github.com/tj/n',
45 silly install resolved     bugs: { url: 'https://github.com/tj/n/issues' },
45 silly install resolved     contributors: [ [Object], [Object], [Object] ],
45 silly install resolved     keywords:
45 silly install resolved      [ 'nvm',
45 silly install resolved        'node',
45 silly install resolved        'version',
45 silly install resolved        'manager',
45 silly install resolved        'switcher',
45 silly install resolved        'node',
45 silly install resolved        'binary',
45 silly install resolved        'env' ],
45 silly install resolved     bin: { n: './bin/n' },
45 silly install resolved     repository: { type: 'git', url: 'git://github.com/tj/n.git' },
45 silly install resolved     preferGlobal: true,
45 silly install resolved     os: [ '!win32' ],
45 silly install resolved     engines: { node: '*' },
45 silly install resolved     license: 'MIT',
45 silly install resolved     gitHead: '8ad6cd3bc76fc674f7faf3d8cf2f4d6e7d1849c3',
45 silly install resolved     _id: 'n@2.1.12',
45 silly install resolved     _npmVersion: '6.0.1',
45 silly install resolved     _nodeVersion: '8.11.2',
45 silly install resolved     _npmUser: { name: 'troy0820', email: 'troy0820@gmail.com' },
45 silly install resolved     dist:
45 silly install resolved      { integrity: 'sha512-LbdmVo3utWB0njvNAsEHZxMesZmUBOH54VOzGpywqi03huCmi0bsSyigKCLrBxlnvlcz4Nahwt342f6w9YU3Cg==',
45 silly install resolved        shasum: '7bca5e103bfe3632d4c1a70dfaf9ecf774c18aed',
45 silly install resolved        tarball: 'https://registry.npmjs.org/n/-/n-2.1.12.tgz',
45 silly install resolved        fileCount: 7,
45 silly install resolved        unpackedSize: 30247,
45 silly install resolved        'npm-signature': '-----BEGIN PGP SIGNATURE-----\r\nVersion: OpenPGP.js v3.0.4\r\nComment: https://openpgpjs.org\r\n\r\nwsFcBAEBCAAQBQJbHrp7CRA9TVsSAnZWagAAB1sP/3rWkLGMALGKzwjTPOKg\nVTqCSUL3Az1ihVlgplTvMLauz3xNo7eu6NfDDWotQGm2S/CYT4s5cC++xK/r\nF92PvMFIdnI+YSHZTdLvZpryOvyhHMh5NYM3ARhIt3YIC7nOkTVFVa1XkuUI\n0sp+vmIZrUZvzIEihVwHVxb5INxZVMh8NB6WZxVstRNmOl0/SgnSK2NLM1qy\nr7pgMjJWICF42ltXwVlRKaqCKeRpNJAvSMxBHaDFbKgmoXd37d7BsDc/qv0+\nQJZ2oHyKInimnUxKfY6pw702SyoQKsZvWflkTlVxjEMOjjRpXRKERFiWrRTH\nxEuQ7Jz7SsMRERJetsTpKPnS+OTyxioXtJmod4+Qy2AV6LS7q+h5NxLEzli8\nLdlbJP0MTJECJryeAl0OJbInoybp3MBmyAZ045TUbqwS/nzQtxNuEAJXHiqK\nYDtoFQjASiAAkjavrdb9yXiuyPPDK4HTvhlD3vTnr29dpxTUSAauvZ+a8E/Z\n+iNRw2NrZuor97NJ9Eltt80GWYgsCNACQGcfYk+7BS7YsAmco/KCSYH7TjVT\nnX7r1FjkHCmLnkkveJvsyEY3E8xTc4/e7YCkJIdXBTNZUgMDUWFqzB8lIA5y\noMIfkxiTchZpY8m6jSmPta/UZU4LyixYnmYslLSNPhj7KSidOtP3peKowy9D\nAW+0\r\n=Tct9\r\n-----END PGP SIGNATURE-----\r\n' },
45 silly install resolved     maintainers: [ [Object], [Object], [Object], [Object], [Object], [Object] ],
45 silly install resolved     directories: {},
45 silly install resolved     _npmOperationalInternal:
45 silly install resolved      { host: 's3://npm-registry-packages',
45 silly install resolved        tmp: 'tmp/n_2.1.12_1528740474170_0.4363494946487372' },
45 silly install resolved     _shasum: '7bca5e103bfe3632d4c1a70dfaf9ecf774c18aed',
45 silly install resolved     _resolved: 'https://registry.npmjs.org/n/-/n-2.1.12.tgz',
45 silly install resolved     _from: 'n@latest' } ]
46 info install n@2.1.12 into C:\Users\Rob\AppData\Roaming\npm
47 info installOne n@2.1.12
48 verbose installOne of n to C:\Users\Rob\AppData\Roaming\npm not in flight; installing
49 verbose makeDirectory C:\Users\Rob\AppData\Roaming\npm-cache\_locks creation not in flight; initializing
50 verbose makeCacheDir UID & GID are irrelevant on win32
51 verbose lock using C:\Users\Rob\AppData\Roaming\npm-cache\_locks\n-f9d6a99b1da7b580.lock for C:\Users\Rob\AppData\Roaming\npm\node_modules\n
52 verbose unlock done using C:\Users\Rob\AppData\Roaming\npm-cache\_locks\n-f9d6a99b1da7b580.lock for C:\Users\Rob\AppData\Roaming\npm\node_modules\n
53 verbose stack Error: Unsupported
53 verbose stack     at checkPlatform (C:\Program Files\nodejs\node_modules\npm\node_modules\npm-install-checks\index.js:47:14)
53 verbose stack     at Array.<anonymous> (C:\Program Files\nodejs\node_modules\npm\node_modules\slide\lib\bind-actor.js:15:8)
53 verbose stack     at LOOP (C:\Program Files\nodejs\node_modules\npm\node_modules\slide\lib\chain.js:15:14)
53 verbose stack     at C:\Program Files\nodejs\node_modules\npm\node_modules\slide\lib\chain.js:18:7
53 verbose stack     at checkEngine (C:\Program Files\nodejs\node_modules\npm\node_modules\npm-install-checks\index.js:26:10)
53 verbose stack     at Array.<anonymous> (C:\Program Files\nodejs\node_modules\npm\node_modules\slide\lib\bind-actor.js:15:8)
53 verbose stack     at LOOP (C:\Program Files\nodejs\node_modules\npm\node_modules\slide\lib\chain.js:15:14)
53 verbose stack     at chain (C:\Program Files\nodejs\node_modules\npm\node_modules\slide\lib\chain.js:20:5)
53 verbose stack     at C:\Program Files\nodejs\node_modules\npm\lib\install.js:1038:5
53 verbose stack     at C:\Program Files\nodejs\node_modules\npm\lib\utils\locker.js:39:7
54 verbose pkgid n@2.1.12
55 verbose cwd C:\Users\Rob\Documents\GitHub\RobatronPrime
56 error Windows_NT 10.0.17134
57 error argv "C:\\Program Files\\nodejs\\node.exe" "C:\\Program Files\\nodejs\\node_modules\\npm\\bin\\npm-cli.js" "install" "-g" "n"
58 error node v4.2.6
59 error npm  v2.14.12
60 error code EBADPLATFORM
61 error notsup Unsupported
61 error notsup Not compatible with your operating system or architecture: n@2.1.12
61 error notsup Valid OS:    !win32
61 error notsup Valid Arch:  any
61 error notsup Actual OS:   win32
61 error notsup Actual Arch: x64
62 verbose exit [ 1, true ]
